
❯ ./jamzilla-fuzzserver-full-amd64-linux -socket /tmp/jam_conformance.sock
2025/08/09 17:48:44 JAM Fuzzer Interface Server
2025/08/09 17:48:44 Socket path: /tmp/jam_conformance.sock
2025/08/09 17:48:44 Fuzzer interface listening on /tmp/jam_conformance.sock
2025/08/09 17:49:24 New fuzzer connection accepted
2025/08/09 17:49:24 Handshake received from fuzzer: fuzzer (App v0.1.24, JAM v0.6.7)
panic: runtime: allocation size out of range

goroutine 99 [running]:
reflect.unsafe_NewArray(0xb81460?, 0xb81460?)
        runtime/malloc.go:1783 +0x13
reflect.MakeSlice({0x1719450, 0xb81460}, 0x180659424284a, 0x180659424284a)
        reflect/value.go:2918 +0xa5
jam/pkg/serializer.deserializeSlice({0xb81460?, 0xc0002dc098?, 0x0?}, 0xc00058bcf0)
        jam/pkg/serializer/serializer.go:497 +0x15e
jam/pkg/serializer.deserializeValue({0xb81460?, 0xc0002dc098?, 0x0?}, 0xc00058bcf0)
        jam/pkg/serializer/serializer.go:296 +0xad4
jam/pkg/serializer.deserializeValue({0xbebc40?, 0xc0002dc078?, 0x4c?}, 0xc00058bcf0)
        jam/pkg/serializer/serializer.go:285 +0x1a25
jam/pkg/serializer.deserializeSlice({0xbaa5c0?, 0xc0002b0178?, 0x0?}, 0xc00058bcf0)
        jam/pkg/serializer/serializer.go:502 +0x20a
jam/pkg/serializer.deserializeValue({0xbaa5c0?, 0xc0002b0178?, 0x0?}, 0xc00058bcf0)
        jam/pkg/serializer/serializer.go:296 +0xad4
jam/pkg/serializer.deserializeValue({0xbd4640?, 0xc0002b0158?, 0x197?}, 0xc00058bcf0)
        jam/pkg/serializer/serializer.go:285 +0x1a25
jam/pkg/serializer.deserializeValue({0xbe9a80?, 0xc0002b0000?, 0x1a0?}, 0xc00058bcf0)
        jam/pkg/serializer/serializer.go:285 +0x1a25
jam/pkg/serializer.Deserialize({0xc0004e0001, 0x2b552, 0x2b552}, {0xb74a20?, 0xc0002b0000?})
        jam/pkg/serializer/serializer.go:34 +0xfc
jam/pkg/fuzzinterface.DecodeMessage({0xc0004e0000?, 0xc000424000?, 0xc0004e0000?})
        jam/pkg/fuzzinterface/message.go:138 +0x208
jam/pkg/fuzzinterface.(*Server).receiveMessage(0xc000022510?, {0x17136e0, 0xc000424000})
        jam/pkg/fuzzinterface/server.go:144 +0x113
jam/pkg/fuzzinterface.(*Server).handleConnection(0xc00010a7c0, {0x17136e0, 0xc000424000})
        jam/pkg/fuzzinterface/server.go:106 +0x465
created by jam/pkg/fuzzinterface.(*Server).Start.func1 in goroutine 91
        jam/pkg/fuzzinterface/server.go:68 +0x1de

