
jam/fuzz-targets/jamixir
❯ ./jamixir fuzzer --socket-path /tmp/jam.sock --log debug

09:19:51.229 [info] [NODE] 🔧 Starting fuzzer mode

09:19:51.232 [info] [NODE] Setting log level to debug

09:19:51.233 [info] [NODE] Setting log level to debug

09:19:51.233 [info] [NODE] 🟣 Pump up the JAM, pump it up...

09:19:51.243 [debug] [NODE] System loaded with config: [core_count: 2, forget_delay: 32, epoch_length: 12, max_tickets_pre_extrinsic: 16, tickets_per_validator: 3, slot_period: 6, rotation_period: 4, validator_count: 6, ticket_submission_end: 10, gas_accumulation: 1000000]

09:19:51.243 [info] [NODE] 🎭 Starting as fuzzer

09:19:51.372 [info] [NODE] Node running. Type 'q' + Enter for graceful shutdown

09:19:51.377 [info] Ready to be fuzzed on /tmp/jam.sock

09:19:59.028 [debug] New fuzzer connected

09:19:59.030 [info] Peer info: name=fuzzer, version=0.1.24, protocol=0.6.7

09:19:59.031 [info] Sending peer info: Jamixir, 0.2.1, 0.6.7

09:19:59.362 [debug] [NODE][STORAGE] Storing state for header 0xb5af8edad70d962097eefa2cef92c8284cf0a7578b70a6b7554cf53ae6d51222

09:19:59.546 [info] State successfully stored for header hash: 0xb5af8edad70d962097eefa2cef92c8284cf0a7578b70a6b7554cf53ae6d51222

09:19:59.585 [info] Importing block: 0x9e2ba740d9d072a4b107c0dd66f9ade76fa525d7bc88ec429a10b8b7f7232cf8

09:19:59.799 [debug] [NODE][STORAGE] Storing state for header 0x9e2ba740d9d072a4b107c0dd66f9ade76fa525d7bc88ec429a10b8b7f7232cf8

09:20:00.005 [info] Importing block: 0x0d53ec06893c1ea6973417f3c46da482dc81ecd17cd1ce85e31b1ba856f66c0a

09:20:00.185 [debug] [NODE][STORAGE] Storing state for header 0x0d53ec06893c1ea6973417f3c46da482dc81ecd17cd1ce85e31b1ba856f66c0a

09:20:00.385 [info] Importing block: 0xe3432eb32056273e18ceacb8a388869a5e91c4356ba3fab3d171f1cb4ff7ce97

09:20:00.563 [debug] [NODE][STORAGE] Storing state for header 0xe3432eb32056273e18ceacb8a388869a5e91c4356ba3fab3d171f1cb4ff7ce97

09:20:00.764 [info] Importing block: 0xe2a6536743988a2d67b5f8b6b32daf5fd3060ccf0279802cf84ea6d4029b72be

09:20:00.945 [debug] [NODE][STORAGE] Storing state for header 0xe2a6536743988a2d67b5f8b6b32daf5fd3060ccf0279802cf84ea6d4029b72be

09:20:01.146 [info] Importing block: 0xdca4fdb9edbfa4f4d5548ab69fb661fbec662447389648fcabe7a88b1a44583a

09:20:01.325 [debug] [NODE][STORAGE] Storing state for header 0xdca4fdb9edbfa4f4d5548ab69fb661fbec662447389648fcabe7a88b1a44583a

09:20:01.529 [info] Importing block: 0x2c31c8a783f4e60118c0d10ce410662ae83f0da97d9282d2a088834f34eb58f0

09:20:01.707 [debug] [NODE][STORAGE] Storing state for header 0x2c31c8a783f4e60118c0d10ce410662ae83f0da97d9282d2a088834f34eb58f0

09:20:01.908 [info] Importing block: 0x3d8b52bcc49f9c72c6b1052cfd45218451384ec6733bae2fbbc37b04f7c1fcea

09:20:02.090 [debug] [NODE][STORAGE] Storing state for header 0x3d8b52bcc49f9c72c6b1052cfd45218451384ec6733bae2fbbc37b04f7c1fcea

09:20:02.291 [info] Importing block: 0x19cfa3bee77dcc62ab9783f316e334ba58dd7ec3701e65be3dd79b608bb02a61

09:20:02.470 [debug] [NODE][STORAGE] Storing state for header 0x19cfa3bee77dcc62ab9783f316e334ba58dd7ec3701e65be3dd79b608bb02a61

09:20:02.674 [info] Importing block: 0xc975fda2eb206ead0ab301196d3e604fc281d655109ecfdff680cf5bc12ba4d7

09:20:02.850 [debug] [NODE][STORAGE] Storing state for header 0xc975fda2eb206ead0ab301196d3e604fc281d655109ecfdff680cf5bc12ba4d7

09:20:03.052 [info] Importing block: 0xcfcf86be01588a5d0074d855cc2a9f9e6969ab2ae6114f38a46b1754f13c36b4

09:20:03.231 [debug] [NODE][STORAGE] Storing state for header 0xcfcf86be01588a5d0074d855cc2a9f9e6969ab2ae6114f38a46b1754f13c36b4

09:20:03.435 [info] Importing block: 0x4c621b0b60b8893aac5cc1b67b41f519ea5f7b84621d431fd99bb21bbaa86a4c

09:20:03.613 [debug] [NODE][STORAGE] Storing state for header 0x4c621b0b60b8893aac5cc1b67b41f519ea5f7b84621d431fd99bb21bbaa86a4c

09:20:03.816 [info] Importing block: 0xce9042bb5fe73d1744d3601fe0a98f853a45c1cf96ff774eb1d6a6985f5a4050

09:20:03.998 [debug] [NODE][STORAGE] Storing state for header 0xce9042bb5fe73d1744d3601fe0a98f853a45c1cf96ff774eb1d6a6985f5a4050

09:20:03.998 [error] Task #PID<0.193.0> started from #PID<0.191.0> terminating
** (FunctionClauseError) no function clause matching in Codec.Encoder.do_encode/1
    (jamixir 0.6.7) lib/codec/encoder.ex:51: Codec.Encoder.do_encode(:ring_context_not_initialized)
    (elixir 1.17.2) lib/enum.ex:1804: anonymous fn/2 in Enum.map_join/3
    (elixir 1.17.2) lib/enum.ex:4408: Enum.map_intersperse_list/3
    (elixir 1.17.2) lib/enum.ex:4408: Enum.map_intersperse_list/3
    (elixir 1.17.2) lib/enum.ex:1804: Enum.map_join/3
    (jamixir 0.6.7) lib/codec/state/trie.ex:41: Codec.State.Trie.state_keys/1
    (jamixir 0.6.7) lib/codec/state/trie.ex:102: Codec.State.Trie.serialize/1
    (jamixir 0.6.7) lib/codec/state/trie.ex:122: Codec.State.Trie.state_root/1
Function: #Function<0.101934845/0 in Jamixir.Fuzzer.Service.loop_acceptor/2>
    Args: []
^C
BREAK: (a)bort (A)bort with dump (c)ontinue (p)roc info (i)nfo
       (l)oaded (v)ersion (k)ill (D)b-tables (d)istribution
^C⏎
jam/fuzz-targets/jamixir took 22s
❯ ./jamixir fuzzer --socket-path /tmp/jam.sock --log trace

09:20:16.292 [info] [NODE] 🔧 Starting fuzzer mode

09:20:16.295 [info] [NODE] Setting log level to trace

09:20:16.296 [info] [NODE] Setting log level to trace

09:20:16.296 [info] [NODE] 🟣 Pump up the JAM, pump it up...

09:20:16.303 [debug] [NODE] System loaded with config: [core_count: 2, forget_delay: 32, epoch_length: 12, max_tickets_pre_extrinsic: 16, tickets_per_validator: 3, slot_period: 6, rotation_period: 4, validator_count: 6, ticket_submission_end: 10, gas_accumulation: 1000000]

09:20:16.303 [info] [NODE] 🎭 Starting as fuzzer

09:20:16.423 [info] [NODE] Node running. Type 'q' + Enter for graceful shutdown

09:20:16.427 [info] Ready to be fuzzed on /tmp/jam.sock

09:20:22.205 [debug] New fuzzer connected

09:20:22.206 [info] Peer info: name=fuzzer, version=0.1.24, protocol=0.6.7

09:20:22.207 [info] Sending peer info: Jamixir, 0.2.1, 0.6.7

09:20:22.541 [debug] [NODE][STORAGE] Storing state for header 0xb5af8edad70d962097eefa2cef92c8284cf0a7578b70a6b7554cf53ae6d51222

09:20:22.725 [info] State successfully stored for header hash: 0xb5af8edad70d962097eefa2cef92c8284cf0a7578b70a6b7554cf53ae6d51222

09:20:23.891 [info] Importing block: 0x9e2ba740d9d072a4b107c0dd66f9ade76fa525d7bc88ec429a10b8b7f7232cf8

09:20:24.099 [debug] [NODE][STORAGE] Storing state for header 0x9e2ba740d9d072a4b107c0dd66f9ade76fa525d7bc88ec429a10b8b7f7232cf8

09:20:24.305 [info] Importing block: 0x0d53ec06893c1ea6973417f3c46da482dc81ecd17cd1ce85e31b1ba856f66c0a

09:20:24.486 [debug] [NODE][STORAGE] Storing state for header 0x0d53ec06893c1ea6973417f3c46da482dc81ecd17cd1ce85e31b1ba856f66c0a

09:20:24.687 [info] Importing block: 0xe3432eb32056273e18ceacb8a388869a5e91c4356ba3fab3d171f1cb4ff7ce97

09:20:24.864 [debug] [NODE][STORAGE] Storing state for header 0xe3432eb32056273e18ceacb8a388869a5e91c4356ba3fab3d171f1cb4ff7ce97

09:20:25.064 [info] Importing block: 0xe2a6536743988a2d67b5f8b6b32daf5fd3060ccf0279802cf84ea6d4029b72be

09:20:25.242 [debug] [NODE][STORAGE] Storing state for header 0xe2a6536743988a2d67b5f8b6b32daf5fd3060ccf0279802cf84ea6d4029b72be

09:20:25.443 [info] Importing block: 0xdca4fdb9edbfa4f4d5548ab69fb661fbec662447389648fcabe7a88b1a44583a

09:20:25.620 [debug] [NODE][STORAGE] Storing state for header 0xdca4fdb9edbfa4f4d5548ab69fb661fbec662447389648fcabe7a88b1a44583a

09:20:25.824 [info] Importing block: 0x2c31c8a783f4e60118c0d10ce410662ae83f0da97d9282d2a088834f34eb58f0

09:20:26.001 [debug] [NODE][STORAGE] Storing state for header 0x2c31c8a783f4e60118c0d10ce410662ae83f0da97d9282d2a088834f34eb58f0

09:20:26.201 [info] Importing block: 0x3d8b52bcc49f9c72c6b1052cfd45218451384ec6733bae2fbbc37b04f7c1fcea

09:20:26.378 [debug] [NODE][STORAGE] Storing state for header 0x3d8b52bcc49f9c72c6b1052cfd45218451384ec6733bae2fbbc37b04f7c1fcea

09:20:26.578 [info] Importing block: 0x19cfa3bee77dcc62ab9783f316e334ba58dd7ec3701e65be3dd79b608bb02a61

09:20:26.758 [debug] [NODE][STORAGE] Storing state for header 0x19cfa3bee77dcc62ab9783f316e334ba58dd7ec3701e65be3dd79b608bb02a61

09:20:26.961 [info] Importing block: 0xc975fda2eb206ead0ab301196d3e604fc281d655109ecfdff680cf5bc12ba4d7

09:20:27.139 [debug] [NODE][STORAGE] Storing state for header 0xc975fda2eb206ead0ab301196d3e604fc281d655109ecfdff680cf5bc12ba4d7

09:20:27.340 [info] Importing block: 0xcfcf86be01588a5d0074d855cc2a9f9e6969ab2ae6114f38a46b1754f13c36b4

09:20:27.550 [debug] [NODE][STORAGE] Storing state for header 0xcfcf86be01588a5d0074d855cc2a9f9e6969ab2ae6114f38a46b1754f13c36b4

09:20:27.761 [info] Importing block: 0x4c621b0b60b8893aac5cc1b67b41f519ea5f7b84621d431fd99bb21bbaa86a4c

09:20:27.938 [debug] [NODE][STORAGE] Storing state for header 0x4c621b0b60b8893aac5cc1b67b41f519ea5f7b84621d431fd99bb21bbaa86a4c

09:20:28.139 [info] Importing block: 0xce9042bb5fe73d1744d3601fe0a98f853a45c1cf96ff774eb1d6a6985f5a4050

09:20:28.324 [debug] [NODE][STORAGE] Storing state for header 0xce9042bb5fe73d1744d3601fe0a98f853a45c1cf96ff774eb1d6a6985f5a4050

09:20:28.324 [error] Task #PID<0.193.0> started from #PID<0.191.0> terminating
** (FunctionClauseError) no function clause matching in Codec.Encoder.do_encode/1
    (jamixir 0.6.7) lib/codec/encoder.ex:51: Codec.Encoder.do_encode(:ring_context_not_initialized)
    (elixir 1.17.2) lib/enum.ex:1804: anonymous fn/2 in Enum.map_join/3
    (elixir 1.17.2) lib/enum.ex:4408: Enum.map_intersperse_list/3
    (elixir 1.17.2) lib/enum.ex:4408: Enum.map_intersperse_list/3
    (elixir 1.17.2) lib/enum.ex:1804: Enum.map_join/3
    (jamixir 0.6.7) lib/codec/state/trie.ex:41: Codec.State.Trie.state_keys/1
    (jamixir 0.6.7) lib/codec/state/trie.ex:102: Codec.State.Trie.serialize/1
    (jamixir 0.6.7) lib/codec/state/trie.ex:122: Codec.State.Trie.state_root/1
Function: #Function<0.101934845/0 in Jamixir.Fuzzer.Service.loop_acceptor/2>
    Args: []
